2025-10-19 13:23:58,026 - BooksByPageDiscoverer - INFO - Starting book discovery from page 1 to 2
2025-10-19 13:23:58,027 - BooksByPageDiscoverer - INFO - Total pages to process: 2
2025-10-19 13:24:00,170 - BooksByPageDiscoverer - INFO - [Page 1/2] (50.0%) | Books: 14 | Topics: 12 | Duplicates: 0 | ETA: ~0.0h
2025-10-19 13:25:32,083 - BooksByPageDiscoverer - INFO - Loaded progress: 26 unique books, 0 duplicates skipped
2025-10-19 13:25:32,083 - BooksByPageDiscoverer - INFO - Starting book discovery from page 1 to 4093
2025-10-19 13:25:32,083 - BooksByPageDiscoverer - INFO - Total pages to process: 4093
2025-10-19 13:25:33,130 - BooksByPageDiscoverer - INFO - [Page 1/4093] (0.0%) | Books: 26 | Topics: 18 | Duplicates: 14 | ETA: ~1.2h
2025-10-19 13:26:07,691 - BooksByPageDiscoverer - INFO - [Page 10/4093] (0.2%) | Books: 126 | Topics: 68 | Duplicates: 26 | ETA: ~4.0h
2025-10-19 13:26:44,549 - BooksByPageDiscoverer - INFO - [Page 20/4093] (0.5%) | Books: 252 | Topics: 133 | Duplicates: 26 | ETA: ~4.1h
2025-10-19 13:27:18,555 - BooksByPageDiscoverer - INFO - [Page 30/4093] (0.7%) | Books: 380 | Topics: 180 | Duplicates: 26 | ETA: ~4.0h
2025-10-19 13:27:52,518 - BooksByPageDiscoverer - INFO - [Page 40/4093] (1.0%) | Books: 495 | Topics: 217 | Duplicates: 26 | ETA: ~4.0h
2025-10-19 13:28:26,826 - BooksByPageDiscoverer - INFO - [Page 50/4093] (1.2%) | Books: 611 | Topics: 255 | Duplicates: 26 | ETA: ~3.9h
2025-10-19 13:29:00,869 - BooksByPageDiscoverer - INFO - [Page 60/4093] (1.5%) | Books: 725 | Topics: 290 | Duplicates: 26 | ETA: ~3.9h
2025-10-19 13:29:35,942 - BooksByPageDiscoverer - INFO - [Page 70/4093] (1.7%) | Books: 836 | Topics: 322 | Duplicates: 26 | ETA: ~3.9h
2025-10-19 13:30:09,741 - BooksByPageDiscoverer - INFO - [Page 80/4093] (2.0%) | Books: 951 | Topics: 359 | Duplicates: 26 | ETA: ~3.9h
2025-10-19 13:31:01,355 - BooksByPageDiscoverer - INFO - [Page 90/4093] (2.2%) | Books: 1,063 | Topics: 393 | Duplicates: 26 | ETA: ~4.1h
2025-10-19 13:31:34,936 - BooksByPageDiscoverer - INFO - [Page 100/4093] (2.4%) | Books: 1,181 | Topics: 418 | Duplicates: 26 | ETA: ~4.0h
2025-10-19 13:32:08,829 - BooksByPageDiscoverer - INFO - [Page 110/4093] (2.7%) | Books: 1,285 | Topics: 442 | Duplicates: 26 | ETA: ~4.0h
2025-10-19 13:32:42,887 - BooksByPageDiscoverer - INFO - [Page 120/4093] (2.9%) | Books: 1,401 | Topics: 459 | Duplicates: 26 | ETA: ~4.0h
2025-10-19 13:33:17,207 - BooksByPageDiscoverer - INFO - [Page 130/4093] (3.2%) | Books: 1,513 | Topics: 477 | Duplicates: 26 | ETA: ~3.9h
2025-10-19 13:33:51,124 - BooksByPageDiscoverer - INFO - [Page 140/4093] (3.4%) | Books: 1,621 | Topics: 501 | Duplicates: 26 | ETA: ~3.9h
2025-10-19 13:34:25,132 - BooksByPageDiscoverer - INFO - [Page 150/4093] (3.7%) | Books: 1,732 | Topics: 524 | Duplicates: 26 | ETA: ~3.9h
2025-10-19 13:34:58,915 - BooksByPageDiscoverer - INFO - [Page 160/4093] (3.9%) | Books: 1,842 | Topics: 553 | Duplicates: 26 | ETA: ~3.9h
2025-10-19 13:35:33,125 - BooksByPageDiscoverer - INFO - [Page 170/4093] (4.2%) | Books: 1,955 | Topics: 576 | Duplicates: 26 | ETA: ~3.9h
2025-10-19 13:36:08,297 - BooksByPageDiscoverer - INFO - [Page 180/4093] (4.4%) | Books: 2,072 | Topics: 591 | Duplicates: 26 | ETA: ~3.8h
2025-10-19 13:36:48,184 - BooksByPageDiscoverer - INFO - [Page 190/4093] (4.6%) | Books: 2,182 | Topics: 608 | Duplicates: 26 | ETA: ~3.9h
2025-10-19 13:37:22,514 - BooksByPageDiscoverer - INFO - [Page 200/4093] (4.9%) | Books: 2,292 | Topics: 624 | Duplicates: 26 | ETA: ~3.8h
2025-10-19 13:37:56,380 - BooksByPageDiscoverer - INFO - [Page 210/4093] (5.1%) | Books: 2,397 | Topics: 645 | Duplicates: 26 | ETA: ~3.8h
2025-10-19 13:38:30,586 - BooksByPageDiscoverer - INFO - [Page 220/4093] (5.4%) | Books: 2,504 | Topics: 661 | Duplicates: 26 | ETA: ~3.8h
2025-10-19 13:39:04,686 - BooksByPageDiscoverer - INFO - [Page 230/4093] (5.6%) | Books: 2,615 | Topics: 677 | Duplicates: 26 | ETA: ~3.8h
2025-10-19 13:39:38,802 - BooksByPageDiscoverer - INFO - [Page 240/4093] (5.9%) | Books: 2,722 | Topics: 687 | Duplicates: 26 | ETA: ~3.8h
2025-10-19 13:40:12,787 - BooksByPageDiscoverer - INFO - [Page 250/4093] (6.1%) | Books: 2,827 | Topics: 699 | Duplicates: 26 | ETA: ~3.8h
2025-10-19 13:40:47,782 - BooksByPageDiscoverer - INFO - [Page 260/4093] (6.4%) | Books: 2,944 | Topics: 710 | Duplicates: 26 | ETA: ~3.7h
2025-10-19 13:41:21,797 - BooksByPageDiscoverer - INFO - [Page 270/4093] (6.6%) | Books: 3,053 | Topics: 720 | Duplicates: 26 | ETA: ~3.7h
2025-10-19 13:41:55,732 - BooksByPageDiscoverer - INFO - [Page 280/4093] (6.8%) | Books: 3,149 | Topics: 731 | Duplicates: 26 | ETA: ~3.7h
2025-10-19 13:42:29,580 - BooksByPageDiscoverer - INFO - [Page 290/4093] (7.1%) | Books: 3,252 | Topics: 748 | Duplicates: 26 | ETA: ~3.7h
2025-10-19 13:43:04,110 - BooksByPageDiscoverer - INFO - [Page 300/4093] (7.3%) | Books: 3,358 | Topics: 758 | Duplicates: 26 | ETA: ~3.7h
2025-10-19 13:43:37,581 - BooksByPageDiscoverer - INFO - [Page 310/4093] (7.6%) | Books: 3,463 | Topics: 763 | Duplicates: 26 | ETA: ~3.7h
2025-10-19 13:44:11,607 - BooksByPageDiscoverer - INFO - [Page 320/4093] (7.8%) | Books: 3,573 | Topics: 774 | Duplicates: 26 | ETA: ~3.7h
2025-10-19 13:44:45,886 - BooksByPageDiscoverer - INFO - [Page 330/4093] (8.1%) | Books: 3,688 | Topics: 781 | Duplicates: 26 | ETA: ~3.7h
2025-10-19 13:45:20,087 - BooksByPageDiscoverer - INFO - [Page 340/4093] (8.3%) | Books: 3,789 | Topics: 792 | Duplicates: 26 | ETA: ~3.6h
2025-10-19 13:45:54,003 - BooksByPageDiscoverer - INFO - [Page 350/4093] (8.6%) | Books: 3,903 | Topics: 805 | Duplicates: 26 | ETA: ~3.6h
2025-10-19 13:46:31,996 - BooksByPageDiscoverer - INFO - [Page 360/4093] (8.8%) | Books: 4,016 | Topics: 821 | Duplicates: 26 | ETA: ~3.6h
2025-10-19 13:47:05,904 - BooksByPageDiscoverer - INFO - [Page 370/4093] (9.0%) | Books: 4,121 | Topics: 829 | Duplicates: 26 | ETA: ~3.6h
2025-10-19 13:47:39,581 - BooksByPageDiscoverer - INFO - [Page 380/4093] (9.3%) | Books: 4,225 | Topics: 843 | Duplicates: 26 | ETA: ~3.6h
2025-10-19 13:48:13,625 - BooksByPageDiscoverer - INFO - [Page 390/4093] (9.5%) | Books: 4,330 | Topics: 851 | Duplicates: 26 | ETA: ~3.6h
2025-10-19 13:48:47,316 - BooksByPageDiscoverer - INFO - [Page 400/4093] (9.8%) | Books: 4,438 | Topics: 862 | Duplicates: 26 | ETA: ~3.6h
2025-10-19 13:49:21,311 - BooksByPageDiscoverer - INFO - [Page 410/4093] (10.0%) | Books: 4,551 | Topics: 868 | Duplicates: 26 | ETA: ~3.6h
2025-10-19 13:49:55,617 - BooksByPageDiscoverer - INFO - [Page 420/4093] (10.3%) | Books: 4,671 | Topics: 878 | Duplicates: 26 | ETA: ~3.6h
2025-10-19 13:50:29,920 - BooksByPageDiscoverer - INFO - [Page 430/4093] (10.5%) | Books: 4,791 | Topics: 884 | Duplicates: 26 | ETA: ~3.5h
2025-10-19 13:51:04,115 - BooksByPageDiscoverer - INFO - [Page 440/4093] (10.8%) | Books: 4,898 | Topics: 896 | Duplicates: 26 | ETA: ~3.5h
2025-10-19 13:51:38,429 - BooksByPageDiscoverer - INFO - [Page 450/4093] (11.0%) | Books: 5,008 | Topics: 907 | Duplicates: 26 | ETA: ~3.5h
2025-10-19 13:52:13,140 - BooksByPageDiscoverer - INFO - [Page 460/4093] (11.2%) | Books: 5,117 | Topics: 911 | Duplicates: 26 | ETA: ~3.5h
2025-10-19 13:52:47,546 - BooksByPageDiscoverer - INFO - [Page 470/4093] (11.5%) | Books: 5,228 | Topics: 918 | Duplicates: 26 | ETA: ~3.5h
2025-10-19 13:53:21,337 - BooksByPageDiscoverer - INFO - [Page 480/4093] (11.7%) | Books: 5,341 | Topics: 923 | Duplicates: 26 | ETA: ~3.5h
2025-10-19 13:53:55,049 - BooksByPageDiscoverer - INFO - [Page 490/4093] (12.0%) | Books: 5,455 | Topics: 930 | Duplicates: 26 | ETA: ~3.5h
2025-10-19 13:54:29,132 - BooksByPageDiscoverer - INFO - [Page 500/4093] (12.2%) | Books: 5,574 | Topics: 932 | Duplicates: 26 | ETA: ~3.5h
2025-10-19 13:55:03,719 - BooksByPageDiscoverer - INFO - [Page 510/4093] (12.5%) | Books: 5,681 | Topics: 936 | Duplicates: 26 | ETA: ~3.5h
2025-10-19 13:55:38,077 - BooksByPageDiscoverer - INFO - [Page 520/4093] (12.7%) | Books: 5,799 | Topics: 941 | Duplicates: 26 | ETA: ~3.4h
2025-10-19 13:56:12,088 - BooksByPageDiscoverer - INFO - [Page 530/4093] (12.9%) | Books: 5,914 | Topics: 949 | Duplicates: 26 | ETA: ~3.4h
2025-10-19 13:56:46,293 - BooksByPageDiscoverer - INFO - [Page 540/4093] (13.2%) | Books: 6,027 | Topics: 957 | Duplicates: 26 | ETA: ~3.4h
2025-10-19 13:57:20,753 - BooksByPageDiscoverer - INFO - [Page 550/4093] (13.4%) | Books: 6,143 | Topics: 967 | Duplicates: 26 | ETA: ~3.4h
2025-10-19 13:57:54,754 - BooksByPageDiscoverer - INFO - [Page 560/4093] (13.7%) | Books: 6,255 | Topics: 968 | Duplicates: 26 | ETA: ~3.4h
2025-10-19 13:58:29,154 - BooksByPageDiscoverer - INFO - [Page 570/4093] (13.9%) | Books: 6,376 | Topics: 972 | Duplicates: 26 | ETA: ~3.4h
2025-10-19 13:59:03,666 - BooksByPageDiscoverer - INFO - [Page 580/4093] (14.2%) | Books: 6,495 | Topics: 978 | Duplicates: 26 | ETA: ~3.4h
2025-10-19 13:59:37,980 - BooksByPageDiscoverer - INFO - [Page 590/4093] (14.4%) | Books: 6,614 | Topics: 983 | Duplicates: 26 | ETA: ~3.4h
2025-10-19 14:00:12,373 - BooksByPageDiscoverer - INFO - [Page 600/4093] (14.7%) | Books: 6,728 | Topics: 987 | Duplicates: 26 | ETA: ~3.4h
2025-10-19 14:00:47,373 - BooksByPageDiscoverer - INFO - [Page 610/4093] (14.9%) | Books: 6,849 | Topics: 991 | Duplicates: 26 | ETA: ~3.4h
2025-10-19 14:01:21,779 - BooksByPageDiscoverer - INFO - [Page 620/4093] (15.1%) | Books: 6,968 | Topics: 993 | Duplicates: 26 | ETA: ~3.3h
2025-10-19 14:01:58,357 - BooksByPageDiscoverer - INFO - [Page 630/4093] (15.4%) | Books: 7,083 | Topics: 998 | Duplicates: 26 | ETA: ~3.3h
2025-10-19 14:02:35,303 - BooksByPageDiscoverer - INFO - [Page 640/4093] (15.6%) | Books: 7,197 | Topics: 1002 | Duplicates: 26 | ETA: ~3.3h
2025-10-19 14:03:09,537 - BooksByPageDiscoverer - INFO - [Page 650/4093] (15.9%) | Books: 7,313 | Topics: 1002 | Duplicates: 26 | ETA: ~3.3h
2025-10-19 14:03:44,056 - BooksByPageDiscoverer - INFO - [Page 660/4093] (16.1%) | Books: 7,417 | Topics: 1005 | Duplicates: 26 | ETA: ~3.3h
2025-10-19 14:04:18,925 - BooksByPageDiscoverer - INFO - [Page 670/4093] (16.4%) | Books: 7,532 | Topics: 1009 | Duplicates: 26 | ETA: ~3.3h
2025-10-19 14:04:52,748 - BooksByPageDiscoverer - INFO - [Page 680/4093] (16.6%) | Books: 7,634 | Topics: 1011 | Duplicates: 26 | ETA: ~3.3h
2025-10-19 14:05:27,329 - BooksByPageDiscoverer - INFO - [Page 690/4093] (16.9%) | Books: 7,742 | Topics: 1012 | Duplicates: 26 | ETA: ~3.3h
2025-10-19 14:06:02,176 - BooksByPageDiscoverer - INFO - [Page 700/4093] (17.1%) | Books: 7,838 | Topics: 1014 | Duplicates: 26 | ETA: ~3.3h
2025-10-19 14:06:36,989 - BooksByPageDiscoverer - INFO - [Page 710/4093] (17.3%) | Books: 7,954 | Topics: 1017 | Duplicates: 26 | ETA: ~3.3h
2025-10-19 14:07:11,394 - BooksByPageDiscoverer - INFO - [Page 720/4093] (17.6%) | Books: 8,050 | Topics: 1020 | Duplicates: 26 | ETA: ~3.3h
2025-10-19 14:07:45,601 - BooksByPageDiscoverer - INFO - [Page 730/4093] (17.8%) | Books: 8,159 | Topics: 1025 | Duplicates: 26 | ETA: ~3.2h
2025-10-19 14:08:19,878 - BooksByPageDiscoverer - INFO - [Page 740/4093] (18.1%) | Books: 8,272 | Topics: 1029 | Duplicates: 26 | ETA: ~3.2h
2025-10-19 14:08:54,499 - BooksByPageDiscoverer - INFO - [Page 750/4093] (18.3%) | Books: 8,377 | Topics: 1030 | Duplicates: 26 | ETA: ~3.2h
2025-10-19 14:09:28,623 - BooksByPageDiscoverer - INFO - [Page 760/4093] (18.6%) | Books: 8,493 | Topics: 1033 | Duplicates: 26 | ETA: ~3.2h
2025-10-19 14:10:03,113 - BooksByPageDiscoverer - INFO - [Page 770/4093] (18.8%) | Books: 8,609 | Topics: 1036 | Duplicates: 26 | ETA: ~3.2h
2025-10-19 14:10:37,429 - BooksByPageDiscoverer - INFO - [Page 780/4093] (19.1%) | Books: 8,708 | Topics: 1037 | Duplicates: 26 | ETA: ~3.2h
2025-10-19 14:11:13,672 - BooksByPageDiscoverer - INFO - [Page 790/4093] (19.3%) | Books: 8,811 | Topics: 1041 | Duplicates: 26 | ETA: ~3.2h
2025-10-19 14:11:47,529 - BooksByPageDiscoverer - INFO - [Page 800/4093] (19.5%) | Books: 8,930 | Topics: 1043 | Duplicates: 26 | ETA: ~3.2h
2025-10-19 14:12:22,933 - BooksByPageDiscoverer - INFO - [Page 810/4093] (19.8%) | Books: 9,052 | Topics: 1048 | Duplicates: 26 | ETA: ~3.2h
2025-10-19 14:12:57,409 - BooksByPageDiscoverer - INFO - [Page 820/4093] (20.0%) | Books: 9,175 | Topics: 1057 | Duplicates: 26 | ETA: ~3.2h
2025-10-19 14:13:31,407 - BooksByPageDiscoverer - INFO - [Page 830/4093] (20.3%) | Books: 9,296 | Topics: 1059 | Duplicates: 26 | ETA: ~3.1h
2025-10-19 14:14:06,225 - BooksByPageDiscoverer - INFO - [Page 840/4093] (20.5%) | Books: 9,427 | Topics: 1062 | Duplicates: 26 | ETA: ~3.1h
2025-10-19 14:14:40,216 - BooksByPageDiscoverer - INFO - [Page 850/4093] (20.8%) | Books: 9,552 | Topics: 1065 | Duplicates: 26 | ETA: ~3.1h
2025-10-19 14:15:14,354 - BooksByPageDiscoverer - INFO - [Page 860/4093] (21.0%) | Books: 9,676 | Topics: 1069 | Duplicates: 26 | ETA: ~3.1h
2025-10-19 14:15:48,961 - BooksByPageDiscoverer - INFO - [Page 870/4093] (21.3%) | Books: 9,803 | Topics: 1072 | Duplicates: 26 | ETA: ~3.1h
2025-10-19 14:16:23,451 - BooksByPageDiscoverer - INFO - [Page 880/4093] (21.5%) | Books: 9,927 | Topics: 1073 | Duplicates: 26 | ETA: ~3.1h
2025-10-19 14:16:58,367 - BooksByPageDiscoverer - INFO - [Page 890/4093] (21.7%) | Books: 10,047 | Topics: 1078 | Duplicates: 26 | ETA: ~3.1h
2025-10-19 14:17:32,057 - BooksByPageDiscoverer - INFO - [Page 900/4093] (22.0%) | Books: 10,171 | Topics: 1079 | Duplicates: 26 | ETA: ~3.1h
2025-10-19 14:18:05,942 - BooksByPageDiscoverer - INFO - [Page 910/4093] (22.2%) | Books: 10,282 | Topics: 1083 | Duplicates: 26 | ETA: ~3.1h
2025-10-19 14:18:40,859 - BooksByPageDiscoverer - INFO - [Page 920/4093] (22.5%) | Books: 10,402 | Topics: 1085 | Duplicates: 26 | ETA: ~3.1h
2025-10-19 14:19:14,872 - BooksByPageDiscoverer - INFO - [Page 930/4093] (22.7%) | Books: 10,519 | Topics: 1088 | Duplicates: 26 | ETA: ~3.0h
2025-10-19 14:19:49,185 - BooksByPageDiscoverer - INFO - [Page 940/4093] (23.0%) | Books: 10,638 | Topics: 1089 | Duplicates: 26 | ETA: ~3.0h
2025-10-19 14:20:23,784 - BooksByPageDiscoverer - INFO - [Page 950/4093] (23.2%) | Books: 10,773 | Topics: 1095 | Duplicates: 26 | ETA: ~3.0h
2025-10-19 14:20:59,142 - BooksByPageDiscoverer - INFO - [Page 960/4093] (23.5%) | Books: 10,889 | Topics: 1099 | Duplicates: 26 | ETA: ~3.0h
2025-10-19 14:21:33,380 - BooksByPageDiscoverer - INFO - [Page 970/4093] (23.7%) | Books: 11,008 | Topics: 1100 | Duplicates: 26 | ETA: ~3.0h
2025-10-19 14:22:08,037 - BooksByPageDiscoverer - INFO - [Page 980/4093] (23.9%) | Books: 11,124 | Topics: 1103 | Duplicates: 26 | ETA: ~3.0h
2025-10-19 14:22:47,860 - BooksByPageDiscoverer - INFO - [Page 990/4093] (24.2%) | Books: 11,241 | Topics: 1110 | Duplicates: 26 | ETA: ~3.0h
2025-10-19 14:23:22,047 - BooksByPageDiscoverer - INFO - [Page 1000/4093] (24.4%) | Books: 11,362 | Topics: 1111 | Duplicates: 26 | ETA: ~3.0h
2025-10-19 14:23:56,368 - BooksByPageDiscoverer - INFO - [Page 1010/4093] (24.7%) | Books: 11,489 | Topics: 1114 | Duplicates: 26 | ETA: ~3.0h
2025-10-19 14:24:30,516 - BooksByPageDiscoverer - INFO - [Page 1020/4093] (24.9%) | Books: 11,617 | Topics: 1119 | Duplicates: 26 | ETA: ~3.0h
2025-10-19 14:25:04,979 - BooksByPageDiscoverer - INFO - [Page 1030/4093] (25.2%) | Books: 11,736 | Topics: 1119 | Duplicates: 26 | ETA: ~3.0h
2025-10-19 14:25:39,178 - BooksByPageDiscoverer - INFO - [Page 1040/4093] (25.4%) | Books: 11,853 | Topics: 1120 | Duplicates: 26 | ETA: ~2.9h
2025-10-19 14:26:13,503 - BooksByPageDiscoverer - INFO - [Page 1050/4093] (25.7%) | Books: 11,971 | Topics: 1123 | Duplicates: 26 | ETA: ~2.9h
2025-10-19 14:26:47,928 - BooksByPageDiscoverer - INFO - [Page 1060/4093] (25.9%) | Books: 12,093 | Topics: 1128 | Duplicates: 26 | ETA: ~2.9h
2025-10-19 14:27:21,796 - BooksByPageDiscoverer - INFO - [Page 1070/4093] (26.1%) | Books: 12,208 | Topics: 1128 | Duplicates: 26 | ETA: ~2.9h
2025-10-19 14:27:56,156 - BooksByPageDiscoverer - INFO - [Page 1080/4093] (26.4%) | Books: 12,322 | Topics: 1128 | Duplicates: 26 | ETA: ~2.9h
2025-10-19 14:28:31,400 - BooksByPageDiscoverer - INFO - [Page 1090/4093] (26.6%) | Books: 12,437 | Topics: 1131 | Duplicates: 26 | ETA: ~2.9h
2025-10-19 14:29:06,498 - BooksByPageDiscoverer - INFO - [Page 1100/4093] (26.9%) | Books: 12,556 | Topics: 1136 | Duplicates: 26 | ETA: ~2.9h
2025-10-19 14:29:41,360 - BooksByPageDiscoverer - INFO - [Page 1110/4093] (27.1%) | Books: 12,681 | Topics: 1139 | Duplicates: 26 | ETA: ~2.9h
2025-10-19 14:30:15,252 - BooksByPageDiscoverer - INFO - [Page 1120/4093] (27.4%) | Books: 12,803 | Topics: 1140 | Duplicates: 26 | ETA: ~2.9h
2025-10-19 14:30:49,720 - BooksByPageDiscoverer - INFO - [Page 1130/4093] (27.6%) | Books: 12,929 | Topics: 1141 | Duplicates: 26 | ETA: ~2.9h
2025-10-19 14:31:24,676 - BooksByPageDiscoverer - INFO - [Page 1140/4093] (27.9%) | Books: 13,043 | Topics: 1143 | Duplicates: 26 | ETA: ~2.8h
2025-10-19 14:31:59,591 - BooksByPageDiscoverer - INFO - [Page 1150/4093] (28.1%) | Books: 13,169 | Topics: 1146 | Duplicates: 26 | ETA: ~2.8h
2025-10-19 14:32:33,182 - BooksByPageDiscoverer - INFO - [Page 1160/4093] (28.3%) | Books: 13,292 | Topics: 1148 | Duplicates: 26 | ETA: ~2.8h
2025-10-19 14:33:08,460 - BooksByPageDiscoverer - INFO - [Page 1170/4093] (28.6%) | Books: 13,413 | Topics: 1150 | Duplicates: 26 | ETA: ~2.8h
2025-10-19 14:33:43,132 - BooksByPageDiscoverer - INFO - [Page 1180/4093] (28.8%) | Books: 13,531 | Topics: 1153 | Duplicates: 26 | ETA: ~2.8h
2025-10-19 14:34:21,016 - BooksByPageDiscoverer - INFO - [Page 1190/4093] (29.1%) | Books: 13,656 | Topics: 1153 | Duplicates: 26 | ETA: ~2.8h
2025-10-19 14:34:56,548 - BooksByPageDiscoverer - INFO - [Page 1200/4093] (29.3%) | Books: 13,778 | Topics: 1156 | Duplicates: 26 | ETA: ~2.8h
2025-10-19 14:35:31,976 - BooksByPageDiscoverer - INFO - [Page 1210/4093] (29.6%) | Books: 13,900 | Topics: 1160 | Duplicates: 26 | ETA: ~2.8h
2025-10-19 14:36:06,489 - BooksByPageDiscoverer - INFO - [Page 1220/4093] (29.8%) | Books: 14,021 | Topics: 1164 | Duplicates: 26 | ETA: ~2.8h
2025-10-19 14:36:40,514 - BooksByPageDiscoverer - INFO - [Page 1230/4093] (30.1%) | Books: 14,147 | Topics: 1169 | Duplicates: 26 | ETA: ~2.8h
2025-10-19 14:37:15,094 - BooksByPageDiscoverer - INFO - [Page 1240/4093] (30.3%) | Books: 14,266 | Topics: 1171 | Duplicates: 26 | ETA: ~2.8h
2025-10-19 14:37:49,695 - BooksByPageDiscoverer - INFO - [Page 1250/4093] (30.5%) | Books: 14,392 | Topics: 1173 | Duplicates: 26 | ETA: ~2.7h
2025-10-19 14:38:24,220 - BooksByPageDiscoverer - INFO - [Page 1260/4093] (30.8%) | Books: 14,516 | Topics: 1174 | Duplicates: 26 | ETA: ~2.7h
2025-10-19 14:38:58,985 - BooksByPageDiscoverer - INFO - [Page 1270/4093] (31.0%) | Books: 14,640 | Topics: 1177 | Duplicates: 26 | ETA: ~2.7h
2025-10-19 14:39:33,681 - BooksByPageDiscoverer - INFO - [Page 1280/4093] (31.3%) | Books: 14,754 | Topics: 1179 | Duplicates: 26 | ETA: ~2.7h
2025-10-19 14:40:07,356 - BooksByPageDiscoverer - INFO - [Page 1290/4093] (31.5%) | Books: 14,871 | Topics: 1180 | Duplicates: 26 | ETA: ~2.7h
2025-10-19 14:40:41,650 - BooksByPageDiscoverer - INFO - [Page 1300/4093] (31.8%) | Books: 14,995 | Topics: 1182 | Duplicates: 26 | ETA: ~2.7h
2025-10-19 14:41:15,196 - BooksByPageDiscoverer - INFO - [Page 1310/4093] (32.0%) | Books: 15,120 | Topics: 1186 | Duplicates: 26 | ETA: ~2.7h
2025-10-19 14:41:48,916 - BooksByPageDiscoverer - INFO - [Page 1320/4093] (32.3%) | Books: 15,252 | Topics: 1187 | Duplicates: 26 | ETA: ~2.7h
2025-10-19 14:42:23,493 - BooksByPageDiscoverer - INFO - [Page 1330/4093] (32.5%) | Books: 15,377 | Topics: 1190 | Duplicates: 26 | ETA: ~2.7h
2025-10-19 14:42:57,310 - BooksByPageDiscoverer - INFO - [Page 1340/4093] (32.7%) | Books: 15,503 | Topics: 1192 | Duplicates: 26 | ETA: ~2.7h
2025-10-19 14:43:31,317 - BooksByPageDiscoverer - INFO - [Page 1350/4093] (33.0%) | Books: 15,626 | Topics: 1194 | Duplicates: 26 | ETA: ~2.6h
2025-10-19 14:44:05,109 - BooksByPageDiscoverer - INFO - [Page 1360/4093] (33.2%) | Books: 15,747 | Topics: 1195 | Duplicates: 26 | ETA: ~2.6h
2025-10-19 14:44:39,020 - BooksByPageDiscoverer - INFO - [Page 1370/4093] (33.5%) | Books: 15,869 | Topics: 1196 | Duplicates: 26 | ETA: ~2.6h
2025-10-19 14:45:13,069 - BooksByPageDiscoverer - INFO - [Page 1380/4093] (33.7%) | Books: 15,993 | Topics: 1201 | Duplicates: 26 | ETA: ~2.6h
2025-10-19 14:45:47,633 - BooksByPageDiscoverer - INFO - [Page 1390/4093] (34.0%) | Books: 16,115 | Topics: 1205 | Duplicates: 26 | ETA: ~2.6h
2025-10-19 14:46:22,048 - BooksByPageDiscoverer - INFO - [Page 1400/4093] (34.2%) | Books: 16,237 | Topics: 1208 | Duplicates: 26 | ETA: ~2.6h
2025-10-19 14:46:56,242 - BooksByPageDiscoverer - INFO - [Page 1410/4093] (34.4%) | Books: 16,365 | Topics: 1210 | Duplicates: 26 | ETA: ~2.6h
2025-10-19 14:47:30,302 - BooksByPageDiscoverer - INFO - [Page 1420/4093] (34.7%) | Books: 16,496 | Topics: 1211 | Duplicates: 26 | ETA: ~2.6h
2025-10-19 14:48:04,746 - BooksByPageDiscoverer - INFO - [Page 1430/4093] (34.9%) | Books: 16,615 | Topics: 1215 | Duplicates: 26 | ETA: ~2.6h
2025-10-19 14:48:38,656 - BooksByPageDiscoverer - INFO - [Page 1440/4093] (35.2%) | Books: 16,734 | Topics: 1215 | Duplicates: 26 | ETA: ~2.6h
2025-10-19 14:49:12,641 - BooksByPageDiscoverer - INFO - [Page 1450/4093] (35.4%) | Books: 16,865 | Topics: 1219 | Duplicates: 26 | ETA: ~2.5h
2025-10-19 14:49:46,691 - BooksByPageDiscoverer - INFO - [Page 1460/4093] (35.7%) | Books: 16,993 | Topics: 1221 | Duplicates: 26 | ETA: ~2.5h
2025-10-19 14:50:20,531 - BooksByPageDiscoverer - INFO - [Page 1470/4093] (35.9%) | Books: 17,115 | Topics: 1222 | Duplicates: 26 | ETA: ~2.5h
2025-10-19 14:50:54,528 - BooksByPageDiscoverer - INFO - [Page 1480/4093] (36.2%) | Books: 17,230 | Topics: 1224 | Duplicates: 26 | ETA: ~2.5h
2025-10-19 14:51:28,523 - BooksByPageDiscoverer - INFO - [Page 1490/4093] (36.4%) | Books: 17,350 | Topics: 1228 | Duplicates: 26 | ETA: ~2.5h
2025-10-19 14:52:02,404 - BooksByPageDiscoverer - INFO - [Page 1500/4093] (36.6%) | Books: 17,480 | Topics: 1228 | Duplicates: 26 | ETA: ~2.5h
2025-10-19 14:52:36,422 - BooksByPageDiscoverer - INFO - [Page 1510/4093] (36.9%) | Books: 17,602 | Topics: 1230 | Duplicates: 26 | ETA: ~2.5h
2025-10-19 14:53:10,811 - BooksByPageDiscoverer - INFO - [Page 1520/4093] (37.1%) | Books: 17,725 | Topics: 1235 | Duplicates: 26 | ETA: ~2.5h
2025-10-19 14:53:45,053 - BooksByPageDiscoverer - INFO - [Page 1530/4093] (37.4%) | Books: 17,851 | Topics: 1238 | Duplicates: 26 | ETA: ~2.5h
2025-10-19 14:54:18,842 - BooksByPageDiscoverer - INFO - [Page 1540/4093] (37.6%) | Books: 17,965 | Topics: 1242 | Duplicates: 26 | ETA: ~2.5h
2025-10-19 14:54:53,940 - BooksByPageDiscoverer - INFO - [Page 1550/4093] (37.9%) | Books: 18,092 | Topics: 1246 | Duplicates: 26 | ETA: ~2.4h
2025-10-19 14:55:30,236 - BooksByPageDiscoverer - INFO - [Page 1560/4093] (38.1%) | Books: 18,225 | Topics: 1248 | Duplicates: 26 | ETA: ~2.4h
2025-10-19 14:56:04,601 - BooksByPageDiscoverer - INFO - [Page 1570/4093] (38.4%) | Books: 18,350 | Topics: 1249 | Duplicates: 26 | ETA: ~2.4h
2025-10-19 14:56:37,931 - BooksByPageDiscoverer - INFO - [Page 1580/4093] (38.6%) | Books: 18,465 | Topics: 1249 | Duplicates: 26 | ETA: ~2.4h
2025-10-19 14:57:12,490 - BooksByPageDiscoverer - INFO - [Page 1590/4093] (38.8%) | Books: 18,591 | Topics: 1251 | Duplicates: 26 | ETA: ~2.4h
2025-10-19 14:57:46,285 - BooksByPageDiscoverer - INFO - [Page 1600/4093] (39.1%) | Books: 18,725 | Topics: 1254 | Duplicates: 26 | ETA: ~2.4h
2025-10-19 14:58:20,151 - BooksByPageDiscoverer - INFO - [Page 1610/4093] (39.3%) | Books: 18,860 | Topics: 1256 | Duplicates: 26 | ETA: ~2.4h
2025-10-19 14:58:54,468 - BooksByPageDiscoverer - INFO - [Page 1620/4093] (39.6%) | Books: 18,986 | Topics: 1259 | Duplicates: 26 | ETA: ~2.4h
2025-10-19 14:59:29,234 - BooksByPageDiscoverer - INFO - [Page 1630/4093] (39.8%) | Books: 19,124 | Topics: 1261 | Duplicates: 26 | ETA: ~2.4h
2025-10-19 15:00:03,666 - BooksByPageDiscoverer - INFO - [Page 1640/4093] (40.1%) | Books: 19,259 | Topics: 1267 | Duplicates: 26 | ETA: ~2.4h
2025-10-19 15:00:37,491 - BooksByPageDiscoverer - INFO - [Page 1650/4093] (40.3%) | Books: 19,390 | Topics: 1268 | Duplicates: 26 | ETA: ~2.3h
2025-10-19 15:01:11,767 - BooksByPageDiscoverer - INFO - [Page 1660/4093] (40.6%) | Books: 19,519 | Topics: 1272 | Duplicates: 26 | ETA: ~2.3h
2025-10-19 15:01:46,010 - BooksByPageDiscoverer - INFO - [Page 1670/4093] (40.8%) | Books: 19,652 | Topics: 1275 | Duplicates: 26 | ETA: ~2.3h
2025-10-19 15:02:20,821 - BooksByPageDiscoverer - INFO - [Page 1680/4093] (41.0%) | Books: 19,781 | Topics: 1276 | Duplicates: 26 | ETA: ~2.3h
2025-10-19 15:02:55,543 - BooksByPageDiscoverer - INFO - [Page 1690/4093] (41.3%) | Books: 19,913 | Topics: 1279 | Duplicates: 26 | ETA: ~2.3h
2025-10-19 15:03:29,751 - BooksByPageDiscoverer - INFO - [Page 1700/4093] (41.5%) | Books: 20,039 | Topics: 1280 | Duplicates: 26 | ETA: ~2.3h
2025-10-19 15:04:03,748 - BooksByPageDiscoverer - INFO - [Page 1710/4093] (41.8%) | Books: 20,175 | Topics: 1282 | Duplicates: 26 | ETA: ~2.3h
2025-10-19 15:04:41,531 - BooksByPageDiscoverer - INFO - [Page 1720/4093] (42.0%) | Books: 20,311 | Topics: 1282 | Duplicates: 26 | ETA: ~2.3h
2025-10-19 15:05:16,454 - BooksByPageDiscoverer - INFO - [Page 1730/4093] (42.3%) | Books: 20,447 | Topics: 1284 | Duplicates: 26 | ETA: ~2.3h
2025-10-19 15:05:50,749 - BooksByPageDiscoverer - INFO - [Page 1740/4093] (42.5%) | Books: 20,582 | Topics: 1286 | Duplicates: 26 | ETA: ~2.3h
2025-10-19 15:06:25,328 - BooksByPageDiscoverer - INFO - [Page 1750/4093] (42.8%) | Books: 20,716 | Topics: 1289 | Duplicates: 26 | ETA: ~2.3h
2025-10-19 15:06:59,536 - BooksByPageDiscoverer - INFO - [Page 1760/4093] (43.0%) | Books: 20,855 | Topics: 1290 | Duplicates: 26 | ETA: ~2.2h
2025-10-19 15:07:34,903 - BooksByPageDiscoverer - INFO - [Page 1770/4093] (43.2%) | Books: 20,980 | Topics: 1290 | Duplicates: 26 | ETA: ~2.2h
2025-10-19 15:08:09,086 - BooksByPageDiscoverer - INFO - [Page 1780/4093] (43.5%) | Books: 21,111 | Topics: 1290 | Duplicates: 26 | ETA: ~2.2h
2025-10-19 15:08:43,091 - BooksByPageDiscoverer - INFO - [Page 1790/4093] (43.7%) | Books: 21,248 | Topics: 1290 | Duplicates: 26 | ETA: ~2.2h
2025-10-19 15:09:17,494 - BooksByPageDiscoverer - INFO - [Page 1800/4093] (44.0%) | Books: 21,375 | Topics: 1294 | Duplicates: 26 | ETA: ~2.2h
2025-10-19 15:09:52,026 - BooksByPageDiscoverer - INFO - [Page 1810/4093] (44.2%) | Books: 21,510 | Topics: 1294 | Duplicates: 26 | ETA: ~2.2h
2025-10-19 15:10:26,204 - BooksByPageDiscoverer - INFO - [Page 1820/4093] (44.5%) | Books: 21,643 | Topics: 1296 | Duplicates: 26 | ETA: ~2.2h
2025-10-19 15:11:00,537 - BooksByPageDiscoverer - INFO - [Page 1830/4093] (44.7%) | Books: 21,777 | Topics: 1298 | Duplicates: 26 | ETA: ~2.2h
2025-10-19 15:11:34,297 - BooksByPageDiscoverer - INFO - [Page 1840/4093] (45.0%) | Books: 21,909 | Topics: 1300 | Duplicates: 26 | ETA: ~2.2h
2025-10-19 15:12:08,970 - BooksByPageDiscoverer - INFO - [Page 1850/4093] (45.2%) | Books: 22,042 | Topics: 1302 | Duplicates: 26 | ETA: ~2.2h
2025-10-19 15:12:43,334 - BooksByPageDiscoverer - INFO - [Page 1860/4093] (45.4%) | Books: 22,172 | Topics: 1302 | Duplicates: 26 | ETA: ~2.1h
2025-10-19 15:13:18,124 - BooksByPageDiscoverer - INFO - [Page 1870/4093] (45.7%) | Books: 22,304 | Topics: 1306 | Duplicates: 26 | ETA: ~2.1h
2025-10-19 15:13:55,329 - BooksByPageDiscoverer - INFO - [Page 1880/4093] (45.9%) | Books: 22,438 | Topics: 1309 | Duplicates: 26 | ETA: ~2.1h
2025-10-19 15:14:29,816 - BooksByPageDiscoverer - INFO - [Page 1890/4093] (46.2%) | Books: 22,573 | Topics: 1309 | Duplicates: 26 | ETA: ~2.1h
2025-10-19 15:15:03,957 - BooksByPageDiscoverer - INFO - [Page 1900/4093] (46.4%) | Books: 22,702 | Topics: 1309 | Duplicates: 26 | ETA: ~2.1h
2025-10-19 15:15:37,872 - BooksByPageDiscoverer - INFO - [Page 1910/4093] (46.7%) | Books: 22,838 | Topics: 1312 | Duplicates: 26 | ETA: ~2.1h
2025-10-19 15:16:12,325 - BooksByPageDiscoverer - INFO - [Page 1920/4093] (46.9%) | Books: 22,970 | Topics: 1314 | Duplicates: 26 | ETA: ~2.1h
2025-10-19 15:16:54,288 - BooksByPageDiscoverer - INFO - [Page 1930/4093] (47.2%) | Books: 23,098 | Topics: 1316 | Duplicates: 26 | ETA: ~2.1h
2025-10-19 15:17:52,069 - BooksByPageDiscoverer - INFO - [Page 1940/4093] (47.4%) | Books: 23,222 | Topics: 1316 | Duplicates: 26 | ETA: ~2.1h
2025-10-19 15:18:25,910 - BooksByPageDiscoverer - INFO - [Page 1950/4093] (47.6%) | Books: 23,351 | Topics: 1317 | Duplicates: 26 | ETA: ~2.1h
2025-10-19 15:19:00,621 - BooksByPageDiscoverer - INFO - [Page 1960/4093] (47.9%) | Books: 23,478 | Topics: 1318 | Duplicates: 26 | ETA: ~2.1h
2025-10-19 15:19:34,471 - BooksByPageDiscoverer - INFO - [Page 1970/4093] (48.1%) | Books: 23,612 | Topics: 1319 | Duplicates: 26 | ETA: ~2.0h
2025-10-19 15:20:12,717 - BooksByPageDiscoverer - INFO - [Page 1980/4093] (48.4%) | Books: 23,746 | Topics: 1321 | Duplicates: 26 | ETA: ~2.0h
2025-10-19 15:20:46,503 - BooksByPageDiscoverer - INFO - [Page 1990/4093] (48.6%) | Books: 23,880 | Topics: 1322 | Duplicates: 26 | ETA: ~2.0h
2025-10-19 15:21:20,569 - BooksByPageDiscoverer - INFO - [Page 2000/4093] (48.9%) | Books: 24,009 | Topics: 1326 | Duplicates: 26 | ETA: ~2.0h
2025-10-19 15:21:55,368 - BooksByPageDiscoverer - INFO - [Page 2010/4093] (49.1%) | Books: 24,139 | Topics: 1327 | Duplicates: 26 | ETA: ~2.0h
2025-10-19 15:22:30,081 - BooksByPageDiscoverer - INFO - [Page 2020/4093] (49.4%) | Books: 24,271 | Topics: 1328 | Duplicates: 26 | ETA: ~2.0h
2025-10-19 15:23:04,081 - BooksByPageDiscoverer - INFO - [Page 2030/4093] (49.6%) | Books: 24,395 | Topics: 1329 | Duplicates: 26 | ETA: ~2.0h
2025-10-19 15:23:37,708 - BooksByPageDiscoverer - INFO - [Page 2040/4093] (49.8%) | Books: 24,534 | Topics: 1330 | Duplicates: 26 | ETA: ~2.0h
2025-10-19 15:24:11,255 - BooksByPageDiscoverer - INFO - [Page 2050/4093] (50.1%) | Books: 24,658 | Topics: 1330 | Duplicates: 26 | ETA: ~2.0h
2025-10-19 15:24:45,209 - BooksByPageDiscoverer - INFO - [Page 2060/4093] (50.3%) | Books: 24,790 | Topics: 1335 | Duplicates: 26 | ETA: ~2.0h
2025-10-19 15:25:19,766 - BooksByPageDiscoverer - INFO - [Page 2070/4093] (50.6%) | Books: 24,923 | Topics: 1337 | Duplicates: 26 | ETA: ~2.0h
2025-10-19 15:25:54,049 - BooksByPageDiscoverer - INFO - [Page 2080/4093] (50.8%) | Books: 25,062 | Topics: 1338 | Duplicates: 26 | ETA: ~1.9h
2025-10-19 15:26:27,663 - BooksByPageDiscoverer - INFO - [Page 2090/4093] (51.1%) | Books: 25,202 | Topics: 1339 | Duplicates: 26 | ETA: ~1.9h
2025-10-19 15:27:01,355 - BooksByPageDiscoverer - INFO - [Page 2100/4093] (51.3%) | Books: 25,342 | Topics: 1339 | Duplicates: 26 | ETA: ~1.9h
2025-10-19 15:27:35,964 - BooksByPageDiscoverer - INFO - [Page 2110/4093] (51.6%) | Books: 25,484 | Topics: 1341 | Duplicates: 26 | ETA: ~1.9h
2025-10-19 15:28:12,011 - BooksByPageDiscoverer - INFO - [Page 2120/4093] (51.8%) | Books: 25,623 | Topics: 1343 | Duplicates: 26 | ETA: ~1.9h
2025-10-19 15:28:47,836 - BooksByPageDiscoverer - INFO - [Page 2130/4093] (52.0%) | Books: 25,752 | Topics: 1345 | Duplicates: 26 | ETA: ~1.9h
2025-10-19 15:29:22,157 - BooksByPageDiscoverer - INFO - [Page 2140/4093] (52.3%) | Books: 25,892 | Topics: 1347 | Duplicates: 26 | ETA: ~1.9h
2025-10-19 15:29:56,204 - BooksByPageDiscoverer - INFO - [Page 2150/4093] (52.5%) | Books: 26,020 | Topics: 1347 | Duplicates: 26 | ETA: ~1.9h
2025-10-19 15:30:31,534 - BooksByPageDiscoverer - INFO - [Page 2160/4093] (52.8%) | Books: 26,152 | Topics: 1351 | Duplicates: 26 | ETA: ~1.9h
2025-10-19 15:31:09,054 - BooksByPageDiscoverer - INFO - [Page 2170/4093] (53.0%) | Books: 26,282 | Topics: 1353 | Duplicates: 26 | ETA: ~1.9h
2025-10-19 15:31:45,613 - BooksByPageDiscoverer - INFO - [Page 2180/4093] (53.3%) | Books: 26,421 | Topics: 1354 | Duplicates: 26 | ETA: ~1.8h
2025-10-19 15:32:24,833 - BooksByPageDiscoverer - INFO - [Page 2190/4093] (53.5%) | Books: 26,558 | Topics: 1356 | Duplicates: 26 | ETA: ~1.8h
2025-10-19 15:33:00,688 - BooksByPageDiscoverer - INFO - [Page 2200/4093] (53.8%) | Books: 26,690 | Topics: 1361 | Duplicates: 26 | ETA: ~1.8h
2025-10-19 15:33:36,432 - BooksByPageDiscoverer - INFO - [Page 2210/4093] (54.0%) | Books: 26,824 | Topics: 1364 | Duplicates: 26 | ETA: ~1.8h
2025-10-19 15:34:11,339 - BooksByPageDiscoverer - INFO - [Page 2220/4093] (54.2%) | Books: 26,958 | Topics: 1366 | Duplicates: 26 | ETA: ~1.8h
2025-10-19 15:34:45,369 - BooksByPageDiscoverer - INFO - [Page 2230/4093] (54.5%) | Books: 27,101 | Topics: 1368 | Duplicates: 26 | ETA: ~1.8h
2025-10-19 15:35:20,348 - BooksByPageDiscoverer - INFO - [Page 2240/4093] (54.7%) | Books: 27,232 | Topics: 1370 | Duplicates: 26 | ETA: ~1.8h
2025-10-19 15:35:55,463 - BooksByPageDiscoverer - INFO - [Page 2250/4093] (55.0%) | Books: 27,368 | Topics: 1374 | Duplicates: 26 | ETA: ~1.8h
2025-10-19 15:36:38,986 - BooksByPageDiscoverer - INFO - [Page 2260/4093] (55.2%) | Books: 27,504 | Topics: 1376 | Duplicates: 26 | ETA: ~1.8h
2025-10-19 15:37:15,133 - BooksByPageDiscoverer - INFO - [Page 2270/4093] (55.5%) | Books: 27,635 | Topics: 1377 | Duplicates: 26 | ETA: ~1.8h
2025-10-19 15:37:49,932 - BooksByPageDiscoverer - INFO - [Page 2280/4093] (55.7%) | Books: 27,770 | Topics: 1378 | Duplicates: 26 | ETA: ~1.8h
2025-10-19 15:38:24,363 - BooksByPageDiscoverer - INFO - [Page 2290/4093] (55.9%) | Books: 27,900 | Topics: 1379 | Duplicates: 26 | ETA: ~1.7h
2025-10-19 15:38:59,378 - BooksByPageDiscoverer - INFO - [Page 2300/4093] (56.2%) | Books: 28,036 | Topics: 1379 | Duplicates: 26 | ETA: ~1.7h
2025-10-19 15:39:33,676 - BooksByPageDiscoverer - INFO - [Page 2310/4093] (56.4%) | Books: 28,170 | Topics: 1380 | Duplicates: 26 | ETA: ~1.7h
2025-10-19 15:40:09,044 - BooksByPageDiscoverer - INFO - [Page 2320/4093] (56.7%) | Books: 28,305 | Topics: 1380 | Duplicates: 26 | ETA: ~1.7h
2025-10-19 15:40:44,245 - BooksByPageDiscoverer - INFO - [Page 2330/4093] (56.9%) | Books: 28,438 | Topics: 1380 | Duplicates: 26 | ETA: ~1.7h
2025-10-19 15:41:19,755 - BooksByPageDiscoverer - INFO - [Page 2340/4093] (57.2%) | Books: 28,574 | Topics: 1383 | Duplicates: 26 | ETA: ~1.7h
2025-10-19 15:41:55,727 - BooksByPageDiscoverer - INFO - [Page 2350/4093] (57.4%) | Books: 28,705 | Topics: 1384 | Duplicates: 26 | ETA: ~1.7h
2025-10-19 15:42:31,864 - BooksByPageDiscoverer - INFO - [Page 2360/4093] (57.7%) | Books: 28,838 | Topics: 1384 | Duplicates: 26 | ETA: ~1.7h
2025-10-19 15:43:07,393 - BooksByPageDiscoverer - INFO - [Page 2370/4093] (57.9%) | Books: 28,966 | Topics: 1385 | Duplicates: 26 | ETA: ~1.7h
2025-10-19 15:43:43,742 - BooksByPageDiscoverer - INFO - [Page 2380/4093] (58.1%) | Books: 29,104 | Topics: 1386 | Duplicates: 26 | ETA: ~1.7h
2025-10-19 15:44:18,681 - BooksByPageDiscoverer - INFO - [Page 2390/4093] (58.4%) | Books: 29,242 | Topics: 1387 | Duplicates: 26 | ETA: ~1.6h
2025-10-19 15:44:54,822 - BooksByPageDiscoverer - INFO - [Page 2400/4093] (58.6%) | Books: 29,377 | Topics: 1388 | Duplicates: 26 | ETA: ~1.6h
2025-10-19 15:45:29,342 - BooksByPageDiscoverer - INFO - [Page 2410/4093] (58.9%) | Books: 29,509 | Topics: 1388 | Duplicates: 26 | ETA: ~1.6h
2025-10-19 15:46:05,439 - BooksByPageDiscoverer - INFO - [Page 2420/4093] (59.1%) | Books: 29,643 | Topics: 1388 | Duplicates: 26 | ETA: ~1.6h
2025-10-19 15:46:39,713 - BooksByPageDiscoverer - INFO - [Page 2430/4093] (59.4%) | Books: 29,779 | Topics: 1391 | Duplicates: 26 | ETA: ~1.6h
2025-10-19 15:47:15,721 - BooksByPageDiscoverer - INFO - [Page 2440/4093] (59.6%) | Books: 29,920 | Topics: 1394 | Duplicates: 26 | ETA: ~1.6h
2025-10-19 15:47:51,638 - BooksByPageDiscoverer - INFO - [Page 2450/4093] (59.9%) | Books: 30,059 | Topics: 1396 | Duplicates: 26 | ETA: ~1.6h
2025-10-19 15:48:26,203 - BooksByPageDiscoverer - INFO - [Page 2460/4093] (60.1%) | Books: 30,195 | Topics: 1396 | Duplicates: 26 | ETA: ~1.6h
2025-10-19 15:48:59,867 - BooksByPageDiscoverer - INFO - [Page 2470/4093] (60.3%) | Books: 30,327 | Topics: 1397 | Duplicates: 26 | ETA: ~1.6h
2025-10-19 15:49:34,888 - BooksByPageDiscoverer - INFO - [Page 2480/4093] (60.6%) | Books: 30,462 | Topics: 1397 | Duplicates: 26 | ETA: ~1.6h
2025-10-19 15:50:09,481 - BooksByPageDiscoverer - INFO - [Page 2490/4093] (60.8%) | Books: 30,596 | Topics: 1400 | Duplicates: 26 | ETA: ~1.6h
2025-10-19 15:50:43,601 - BooksByPageDiscoverer - INFO - [Page 2500/4093] (61.1%) | Books: 30,728 | Topics: 1403 | Duplicates: 26 | ETA: ~1.5h
2025-10-19 15:51:18,235 - BooksByPageDiscoverer - INFO - [Page 2510/4093] (61.3%) | Books: 30,858 | Topics: 1404 | Duplicates: 26 | ETA: ~1.5h
2025-10-19 15:51:54,159 - BooksByPageDiscoverer - INFO - [Page 2520/4093] (61.6%) | Books: 30,993 | Topics: 1406 | Duplicates: 26 | ETA: ~1.5h
2025-10-19 15:52:29,435 - BooksByPageDiscoverer - INFO - [Page 2530/4093] (61.8%) | Books: 31,138 | Topics: 1408 | Duplicates: 26 | ETA: ~1.5h
2025-10-19 15:53:03,369 - BooksByPageDiscoverer - INFO - [Page 2540/4093] (62.1%) | Books: 31,269 | Topics: 1411 | Duplicates: 26 | ETA: ~1.5h
2025-10-19 15:53:40,240 - BooksByPageDiscoverer - INFO - [Page 2550/4093] (62.3%) | Books: 31,401 | Topics: 1411 | Duplicates: 26 | ETA: ~1.5h
2025-10-19 15:54:16,303 - BooksByPageDiscoverer - INFO - [Page 2560/4093] (62.5%) | Books: 31,538 | Topics: 1411 | Duplicates: 26 | ETA: ~1.5h
2025-10-19 15:54:51,174 - BooksByPageDiscoverer - INFO - [Page 2570/4093] (62.8%) | Books: 31,666 | Topics: 1411 | Duplicates: 26 | ETA: ~1.5h
2025-10-19 15:55:26,548 - BooksByPageDiscoverer - INFO - [Page 2580/4093] (63.0%) | Books: 31,799 | Topics: 1413 | Duplicates: 26 | ETA: ~1.5h
2025-10-19 15:56:01,749 - BooksByPageDiscoverer - INFO - [Page 2590/4093] (63.3%) | Books: 31,940 | Topics: 1414 | Duplicates: 26 | ETA: ~1.5h
2025-10-19 15:56:37,243 - BooksByPageDiscoverer - INFO - [Page 2600/4093] (63.5%) | Books: 32,071 | Topics: 1415 | Duplicates: 26 | ETA: ~1.4h
2025-10-19 15:57:13,645 - BooksByPageDiscoverer - INFO - [Page 2610/4093] (63.8%) | Books: 32,202 | Topics: 1417 | Duplicates: 26 | ETA: ~1.4h
2025-10-19 15:57:49,341 - BooksByPageDiscoverer - INFO - [Page 2620/4093] (64.0%) | Books: 32,342 | Topics: 1418 | Duplicates: 26 | ETA: ~1.4h
2025-10-19 15:58:25,839 - BooksByPageDiscoverer - INFO - [Page 2630/4093] (64.3%) | Books: 32,459 | Topics: 1419 | Duplicates: 26 | ETA: ~1.4h
2025-10-19 15:59:01,400 - BooksByPageDiscoverer - INFO - [Page 2640/4093] (64.5%) | Books: 32,600 | Topics: 1420 | Duplicates: 26 | ETA: ~1.4h
2025-10-19 15:59:35,976 - BooksByPageDiscoverer - INFO - [Page 2650/4093] (64.7%) | Books: 32,739 | Topics: 1420 | Duplicates: 26 | ETA: ~1.4h
2025-10-19 16:00:10,279 - BooksByPageDiscoverer - INFO - [Page 2660/4093] (65.0%) | Books: 32,872 | Topics: 1420 | Duplicates: 26 | ETA: ~1.4h
2025-10-19 16:00:45,525 - BooksByPageDiscoverer - INFO - [Page 2670/4093] (65.2%) | Books: 33,008 | Topics: 1422 | Duplicates: 26 | ETA: ~1.4h
2025-10-19 16:01:20,656 - BooksByPageDiscoverer - INFO - [Page 2680/4093] (65.5%) | Books: 33,139 | Topics: 1426 | Duplicates: 26 | ETA: ~1.4h
2025-10-19 16:01:55,482 - BooksByPageDiscoverer - INFO - [Page 2690/4093] (65.7%) | Books: 33,274 | Topics: 1426 | Duplicates: 26 | ETA: ~1.4h
2025-10-19 16:02:30,470 - BooksByPageDiscoverer - INFO - [Page 2700/4093] (66.0%) | Books: 33,406 | Topics: 1427 | Duplicates: 26 | ETA: ~1.3h
2025-10-19 16:03:06,247 - BooksByPageDiscoverer - INFO - [Page 2710/4093] (66.2%) | Books: 33,541 | Topics: 1428 | Duplicates: 26 | ETA: ~1.3h
2025-10-19 16:03:41,590 - BooksByPageDiscoverer - INFO - [Page 2720/4093] (66.5%) | Books: 33,677 | Topics: 1429 | Duplicates: 26 | ETA: ~1.3h
2025-10-19 16:04:18,691 - BooksByPageDiscoverer - INFO - [Page 2730/4093] (66.7%) | Books: 33,818 | Topics: 1429 | Duplicates: 26 | ETA: ~1.3h
2025-10-19 16:04:53,037 - BooksByPageDiscoverer - INFO - [Page 2740/4093] (66.9%) | Books: 33,957 | Topics: 1429 | Duplicates: 26 | ETA: ~1.3h
2025-10-19 16:05:28,390 - BooksByPageDiscoverer - INFO - [Page 2750/4093] (67.2%) | Books: 34,092 | Topics: 1429 | Duplicates: 26 | ETA: ~1.3h
2025-10-19 16:06:03,028 - BooksByPageDiscoverer - INFO - [Page 2760/4093] (67.4%) | Books: 34,231 | Topics: 1429 | Duplicates: 26 | ETA: ~1.3h
2025-10-19 16:06:37,951 - BooksByPageDiscoverer - INFO - [Page 2770/4093] (67.7%) | Books: 34,369 | Topics: 1430 | Duplicates: 26 | ETA: ~1.3h
2025-10-19 16:07:12,592 - BooksByPageDiscoverer - INFO - [Page 2780/4093] (67.9%) | Books: 34,507 | Topics: 1431 | Duplicates: 26 | ETA: ~1.3h
2025-10-19 16:07:46,892 - BooksByPageDiscoverer - INFO - [Page 2790/4093] (68.2%) | Books: 34,648 | Topics: 1431 | Duplicates: 26 | ETA: ~1.3h
2025-10-19 16:08:24,472 - BooksByPageDiscoverer - INFO - [Page 2800/4093] (68.4%) | Books: 34,781 | Topics: 1431 | Duplicates: 26 | ETA: ~1.3h
2025-10-19 16:09:00,420 - BooksByPageDiscoverer - INFO - [Page 2810/4093] (68.7%) | Books: 34,917 | Topics: 1433 | Duplicates: 26 | ETA: ~1.2h
2025-10-19 16:09:35,752 - BooksByPageDiscoverer - INFO - [Page 2820/4093] (68.9%) | Books: 35,050 | Topics: 1433 | Duplicates: 26 | ETA: ~1.2h
2025-10-19 16:10:10,028 - BooksByPageDiscoverer - INFO - [Page 2830/4093] (69.1%) | Books: 35,181 | Topics: 1433 | Duplicates: 26 | ETA: ~1.2h
2025-10-19 16:10:44,422 - BooksByPageDiscoverer - INFO - [Page 2840/4093] (69.4%) | Books: 35,319 | Topics: 1433 | Duplicates: 26 | ETA: ~1.2h
2025-10-19 16:11:21,723 - BooksByPageDiscoverer - INFO - [Page 2850/4093] (69.6%) | Books: 35,458 | Topics: 1433 | Duplicates: 26 | ETA: ~1.2h
2025-10-19 16:11:56,707 - BooksByPageDiscoverer - INFO - [Page 2860/4093] (69.9%) | Books: 35,599 | Topics: 1434 | Duplicates: 26 | ETA: ~1.2h
2025-10-19 16:12:31,982 - BooksByPageDiscoverer - INFO - [Page 2870/4093] (70.1%) | Books: 35,738 | Topics: 1435 | Duplicates: 26 | ETA: ~1.2h
2025-10-19 16:13:05,665 - BooksByPageDiscoverer - INFO - [Page 2880/4093] (70.4%) | Books: 35,872 | Topics: 1438 | Duplicates: 26 | ETA: ~1.2h
2025-10-19 16:13:40,444 - BooksByPageDiscoverer - INFO - [Page 2890/4093] (70.6%) | Books: 36,013 | Topics: 1439 | Duplicates: 26 | ETA: ~1.2h
2025-10-19 16:14:18,851 - BooksByPageDiscoverer - INFO - [Page 2900/4093] (70.9%) | Books: 36,148 | Topics: 1440 | Duplicates: 26 | ETA: ~1.2h
2025-10-19 16:14:53,345 - BooksByPageDiscoverer - INFO - [Page 2910/4093] (71.1%) | Books: 36,286 | Topics: 1441 | Duplicates: 26 | ETA: ~1.1h
2025-10-19 16:15:27,928 - BooksByPageDiscoverer - INFO - [Page 2920/4093] (71.3%) | Books: 36,424 | Topics: 1441 | Duplicates: 26 | ETA: ~1.1h
2025-10-19 16:16:01,767 - BooksByPageDiscoverer - INFO - [Page 2930/4093] (71.6%) | Books: 36,564 | Topics: 1442 | Duplicates: 26 | ETA: ~1.1h
2025-10-19 16:16:36,102 - BooksByPageDiscoverer - INFO - [Page 2940/4093] (71.8%) | Books: 36,699 | Topics: 1442 | Duplicates: 26 | ETA: ~1.1h
2025-10-19 16:17:10,222 - BooksByPageDiscoverer - INFO - [Page 2950/4093] (72.1%) | Books: 36,839 | Topics: 1444 | Duplicates: 26 | ETA: ~1.1h
2025-10-19 16:17:45,026 - BooksByPageDiscoverer - INFO - [Page 2960/4093] (72.3%) | Books: 36,978 | Topics: 1445 | Duplicates: 26 | ETA: ~1.1h
2025-10-19 16:18:19,540 - BooksByPageDiscoverer - INFO - [Page 2970/4093] (72.6%) | Books: 37,116 | Topics: 1448 | Duplicates: 26 | ETA: ~1.1h
2025-10-19 16:18:53,522 - BooksByPageDiscoverer - INFO - [Page 2980/4093] (72.8%) | Books: 37,250 | Topics: 1448 | Duplicates: 26 | ETA: ~1.1h
2025-10-19 16:19:28,327 - BooksByPageDiscoverer - INFO - [Page 2990/4093] (73.1%) | Books: 37,391 | Topics: 1451 | Duplicates: 26 | ETA: ~1.1h
2025-10-19 16:20:02,211 - BooksByPageDiscoverer - INFO - [Page 3000/4093] (73.3%) | Books: 37,527 | Topics: 1452 | Duplicates: 26 | ETA: ~1.1h
2025-10-19 16:20:37,354 - BooksByPageDiscoverer - INFO - [Page 3010/4093] (73.5%) | Books: 37,666 | Topics: 1453 | Duplicates: 26 | ETA: ~1.0h
2025-10-19 16:21:12,235 - BooksByPageDiscoverer - INFO - [Page 3020/4093] (73.8%) | Books: 37,805 | Topics: 1453 | Duplicates: 26 | ETA: ~1.0h
2025-10-19 16:21:46,479 - BooksByPageDiscoverer - INFO - [Page 3030/4093] (74.0%) | Books: 37,943 | Topics: 1455 | Duplicates: 26 | ETA: ~1.0h
2025-10-19 16:22:21,308 - BooksByPageDiscoverer - INFO - [Page 3040/4093] (74.3%) | Books: 38,078 | Topics: 1456 | Duplicates: 26 | ETA: ~1.0h
2025-10-19 16:22:55,598 - BooksByPageDiscoverer - INFO - [Page 3050/4093] (74.5%) | Books: 38,210 | Topics: 1456 | Duplicates: 26 | ETA: ~1.0h
2025-10-19 16:23:29,980 - BooksByPageDiscoverer - INFO - [Page 3060/4093] (74.8%) | Books: 38,349 | Topics: 1456 | Duplicates: 26 | ETA: ~1.0h
2025-10-19 16:24:03,957 - BooksByPageDiscoverer - INFO - [Page 3070/4093] (75.0%) | Books: 38,481 | Topics: 1456 | Duplicates: 26 | ETA: ~1.0h
2025-10-19 16:24:38,133 - BooksByPageDiscoverer - INFO - [Page 3080/4093] (75.3%) | Books: 38,619 | Topics: 1458 | Duplicates: 26 | ETA: ~1.0h
2025-10-19 16:25:12,826 - BooksByPageDiscoverer - INFO - [Page 3090/4093] (75.5%) | Books: 38,756 | Topics: 1458 | Duplicates: 26 | ETA: ~1.0h
2025-10-19 16:25:46,881 - BooksByPageDiscoverer - INFO - [Page 3100/4093] (75.7%) | Books: 38,893 | Topics: 1460 | Duplicates: 26 | ETA: ~1.0h
2025-10-19 16:26:21,933 - BooksByPageDiscoverer - INFO - [Page 3110/4093] (76.0%) | Books: 39,025 | Topics: 1461 | Duplicates: 26 | ETA: ~1.0h
2025-10-19 16:26:56,842 - BooksByPageDiscoverer - INFO - [Page 3120/4093] (76.2%) | Books: 39,160 | Topics: 1461 | Duplicates: 26 | ETA: ~0.9h
2025-10-19 16:27:36,389 - BooksByPageDiscoverer - INFO - [Page 3130/4093] (76.5%) | Books: 39,300 | Topics: 1462 | Duplicates: 26 | ETA: ~0.9h
2025-10-19 16:28:11,202 - BooksByPageDiscoverer - INFO - [Page 3140/4093] (76.7%) | Books: 39,441 | Topics: 1462 | Duplicates: 26 | ETA: ~0.9h
2025-10-19 16:28:45,978 - BooksByPageDiscoverer - INFO - [Page 3150/4093] (77.0%) | Books: 39,583 | Topics: 1463 | Duplicates: 26 | ETA: ~0.9h
2025-10-19 16:29:21,241 - BooksByPageDiscoverer - INFO - [Page 3160/4093] (77.2%) | Books: 39,726 | Topics: 1464 | Duplicates: 26 | ETA: ~0.9h
2025-10-19 16:29:55,853 - BooksByPageDiscoverer - INFO - [Page 3170/4093] (77.4%) | Books: 39,860 | Topics: 1466 | Duplicates: 26 | ETA: ~0.9h
2025-10-19 16:30:30,565 - BooksByPageDiscoverer - INFO - [Page 3180/4093] (77.7%) | Books: 39,995 | Topics: 1466 | Duplicates: 26 | ETA: ~0.9h
2025-10-19 16:31:04,877 - BooksByPageDiscoverer - INFO - [Page 3190/4093] (77.9%) | Books: 40,131 | Topics: 1466 | Duplicates: 26 | ETA: ~0.9h
2025-10-19 16:31:40,196 - BooksByPageDiscoverer - INFO - [Page 3200/4093] (78.2%) | Books: 40,273 | Topics: 1467 | Duplicates: 26 | ETA: ~0.9h
2025-10-19 16:32:14,757 - BooksByPageDiscoverer - INFO - [Page 3210/4093] (78.4%) | Books: 40,412 | Topics: 1468 | Duplicates: 26 | ETA: ~0.9h
2025-10-19 16:32:48,799 - BooksByPageDiscoverer - INFO - [Page 3220/4093] (78.7%) | Books: 40,545 | Topics: 1468 | Duplicates: 26 | ETA: ~0.8h
2025-10-19 16:33:23,828 - BooksByPageDiscoverer - INFO - [Page 3230/4093] (78.9%) | Books: 40,684 | Topics: 1468 | Duplicates: 26 | ETA: ~0.8h
2025-10-19 16:33:58,389 - BooksByPageDiscoverer - INFO - [Page 3240/4093] (79.2%) | Books: 40,820 | Topics: 1470 | Duplicates: 26 | ETA: ~0.8h
2025-10-19 16:34:33,513 - BooksByPageDiscoverer - INFO - [Page 3250/4093] (79.4%) | Books: 40,955 | Topics: 1470 | Duplicates: 26 | ETA: ~0.8h
2025-10-19 16:35:08,681 - BooksByPageDiscoverer - INFO - [Page 3260/4093] (79.6%) | Books: 41,092 | Topics: 1470 | Duplicates: 26 | ETA: ~0.8h
2025-10-19 16:35:42,570 - BooksByPageDiscoverer - INFO - [Page 3270/4093] (79.9%) | Books: 41,228 | Topics: 1470 | Duplicates: 26 | ETA: ~0.8h
2025-10-19 16:36:17,622 - BooksByPageDiscoverer - INFO - [Page 3280/4093] (80.1%) | Books: 41,361 | Topics: 1471 | Duplicates: 26 | ETA: ~0.8h
2025-10-19 16:36:52,039 - BooksByPageDiscoverer - INFO - [Page 3290/4093] (80.4%) | Books: 41,490 | Topics: 1471 | Duplicates: 26 | ETA: ~0.8h
2025-10-19 16:37:26,762 - BooksByPageDiscoverer - INFO - [Page 3300/4093] (80.6%) | Books: 41,620 | Topics: 1472 | Duplicates: 26 | ETA: ~0.8h
2025-10-19 16:38:01,980 - BooksByPageDiscoverer - INFO - [Page 3310/4093] (80.9%) | Books: 41,748 | Topics: 1472 | Duplicates: 26 | ETA: ~0.8h
2025-10-19 16:38:36,665 - BooksByPageDiscoverer - INFO - [Page 3320/4093] (81.1%) | Books: 41,879 | Topics: 1472 | Duplicates: 26 | ETA: ~0.7h
2025-10-19 16:39:11,470 - BooksByPageDiscoverer - INFO - [Page 3330/4093] (81.4%) | Books: 42,004 | Topics: 1472 | Duplicates: 26 | ETA: ~0.7h
2025-10-19 16:39:46,181 - BooksByPageDiscoverer - INFO - [Page 3340/4093] (81.6%) | Books: 42,127 | Topics: 1473 | Duplicates: 26 | ETA: ~0.7h
2025-10-19 16:40:21,046 - BooksByPageDiscoverer - INFO - [Page 3350/4093] (81.8%) | Books: 42,257 | Topics: 1473 | Duplicates: 26 | ETA: ~0.7h
2025-10-19 16:40:55,523 - BooksByPageDiscoverer - INFO - [Page 3360/4093] (82.1%) | Books: 42,392 | Topics: 1474 | Duplicates: 26 | ETA: ~0.7h
2025-10-19 16:41:30,240 - BooksByPageDiscoverer - INFO - [Page 3370/4093] (82.3%) | Books: 42,527 | Topics: 1475 | Duplicates: 26 | ETA: ~0.7h
2025-10-19 16:42:05,081 - BooksByPageDiscoverer - INFO - [Page 3380/4093] (82.6%) | Books: 42,667 | Topics: 1475 | Duplicates: 26 | ETA: ~0.7h
2025-10-19 16:42:39,752 - BooksByPageDiscoverer - INFO - [Page 3390/4093] (82.8%) | Books: 42,795 | Topics: 1476 | Duplicates: 26 | ETA: ~0.7h
2025-10-19 16:43:14,123 - BooksByPageDiscoverer - INFO - [Page 3400/4093] (83.1%) | Books: 42,931 | Topics: 1477 | Duplicates: 26 | ETA: ~0.7h
2025-10-19 16:43:49,028 - BooksByPageDiscoverer - INFO - [Page 3410/4093] (83.3%) | Books: 43,058 | Topics: 1477 | Duplicates: 26 | ETA: ~0.7h
2025-10-19 16:44:22,669 - BooksByPageDiscoverer - INFO - [Page 3420/4093] (83.6%) | Books: 43,196 | Topics: 1478 | Duplicates: 26 | ETA: ~0.7h
2025-10-19 16:44:57,158 - BooksByPageDiscoverer - INFO - [Page 3430/4093] (83.8%) | Books: 43,323 | Topics: 1481 | Duplicates: 26 | ETA: ~0.6h
2025-10-19 16:45:34,556 - BooksByPageDiscoverer - INFO - [Page 3440/4093] (84.0%) | Books: 43,455 | Topics: 1481 | Duplicates: 26 | ETA: ~0.6h
2025-10-19 16:46:08,916 - BooksByPageDiscoverer - INFO - [Page 3450/4093] (84.3%) | Books: 43,595 | Topics: 1481 | Duplicates: 26 | ETA: ~0.6h
2025-10-19 16:46:43,332 - BooksByPageDiscoverer - INFO - [Page 3460/4093] (84.5%) | Books: 43,734 | Topics: 1481 | Duplicates: 26 | ETA: ~0.6h
2025-10-19 16:47:17,460 - BooksByPageDiscoverer - INFO - [Page 3470/4093] (84.8%) | Books: 43,871 | Topics: 1481 | Duplicates: 26 | ETA: ~0.6h
2025-10-19 16:47:51,770 - BooksByPageDiscoverer - INFO - [Page 3480/4093] (85.0%) | Books: 44,003 | Topics: 1482 | Duplicates: 26 | ETA: ~0.6h
2025-10-19 16:48:26,388 - BooksByPageDiscoverer - INFO - [Page 3490/4093] (85.3%) | Books: 44,139 | Topics: 1482 | Duplicates: 26 | ETA: ~0.6h
2025-10-19 16:49:00,696 - BooksByPageDiscoverer - INFO - [Page 3500/4093] (85.5%) | Books: 44,280 | Topics: 1482 | Duplicates: 26 | ETA: ~0.6h
2025-10-19 16:49:34,994 - BooksByPageDiscoverer - INFO - [Page 3510/4093] (85.8%) | Books: 44,426 | Topics: 1484 | Duplicates: 26 | ETA: ~0.6h
2025-10-19 16:50:09,607 - BooksByPageDiscoverer - INFO - [Page 3520/4093] (86.0%) | Books: 44,568 | Topics: 1484 | Duplicates: 26 | ETA: ~0.6h
2025-10-19 16:50:44,522 - BooksByPageDiscoverer - INFO - [Page 3530/4093] (86.2%) | Books: 44,709 | Topics: 1486 | Duplicates: 26 | ETA: ~0.5h
2025-10-19 16:51:19,249 - BooksByPageDiscoverer - INFO - [Page 3540/4093] (86.5%) | Books: 44,855 | Topics: 1486 | Duplicates: 26 | ETA: ~0.5h
2025-10-19 16:51:54,044 - BooksByPageDiscoverer - INFO - [Page 3550/4093] (86.7%) | Books: 45,000 | Topics: 1486 | Duplicates: 26 | ETA: ~0.5h
2025-10-19 16:52:28,351 - BooksByPageDiscoverer - INFO - [Page 3560/4093] (87.0%) | Books: 45,141 | Topics: 1486 | Duplicates: 26 | ETA: ~0.5h
2025-10-19 16:53:03,167 - BooksByPageDiscoverer - INFO - [Page 3570/4093] (87.2%) | Books: 45,277 | Topics: 1487 | Duplicates: 26 | ETA: ~0.5h
2025-10-19 16:53:38,518 - BooksByPageDiscoverer - INFO - [Page 3580/4093] (87.5%) | Books: 45,420 | Topics: 1488 | Duplicates: 26 | ETA: ~0.5h
2025-10-19 16:54:13,425 - BooksByPageDiscoverer - INFO - [Page 3590/4093] (87.7%) | Books: 45,565 | Topics: 1488 | Duplicates: 26 | ETA: ~0.5h
2025-10-19 16:54:47,950 - BooksByPageDiscoverer - INFO - [Page 3600/4093] (88.0%) | Books: 45,711 | Topics: 1488 | Duplicates: 26 | ETA: ~0.5h
2025-10-19 16:55:21,948 - BooksByPageDiscoverer - INFO - [Page 3610/4093] (88.2%) | Books: 45,855 | Topics: 1488 | Duplicates: 26 | ETA: ~0.5h
2025-10-19 16:55:56,328 - BooksByPageDiscoverer - INFO - [Page 3620/4093] (88.4%) | Books: 46,001 | Topics: 1488 | Duplicates: 26 | ETA: ~0.5h
2025-10-19 16:56:30,910 - BooksByPageDiscoverer - INFO - [Page 3630/4093] (88.7%) | Books: 46,143 | Topics: 1488 | Duplicates: 26 | ETA: ~0.4h
2025-10-19 16:57:05,253 - BooksByPageDiscoverer - INFO - [Page 3640/4093] (88.9%) | Books: 46,284 | Topics: 1489 | Duplicates: 26 | ETA: ~0.4h
2025-10-19 16:57:39,770 - BooksByPageDiscoverer - INFO - [Page 3650/4093] (89.2%) | Books: 46,429 | Topics: 1489 | Duplicates: 26 | ETA: ~0.4h
2025-10-19 16:58:14,477 - BooksByPageDiscoverer - INFO - [Page 3660/4093] (89.4%) | Books: 46,573 | Topics: 1489 | Duplicates: 26 | ETA: ~0.4h
2025-10-19 16:58:49,400 - BooksByPageDiscoverer - INFO - [Page 3670/4093] (89.7%) | Books: 46,719 | Topics: 1491 | Duplicates: 26 | ETA: ~0.4h
2025-10-19 16:59:23,708 - BooksByPageDiscoverer - INFO - [Page 3680/4093] (89.9%) | Books: 46,857 | Topics: 1491 | Duplicates: 26 | ETA: ~0.4h
2025-10-19 16:59:58,939 - BooksByPageDiscoverer - INFO - [Page 3690/4093] (90.2%) | Books: 46,997 | Topics: 1491 | Duplicates: 26 | ETA: ~0.4h
2025-10-19 17:00:33,178 - BooksByPageDiscoverer - INFO - [Page 3700/4093] (90.4%) | Books: 47,134 | Topics: 1491 | Duplicates: 26 | ETA: ~0.4h
2025-10-19 17:01:07,939 - BooksByPageDiscoverer - INFO - [Page 3710/4093] (90.6%) | Books: 47,283 | Topics: 1491 | Duplicates: 26 | ETA: ~0.4h
2025-10-19 17:01:44,715 - BooksByPageDiscoverer - INFO - [Page 3720/4093] (90.9%) | Books: 47,428 | Topics: 1491 | Duplicates: 26 | ETA: ~0.4h
2025-10-19 17:02:21,120 - BooksByPageDiscoverer - INFO - [Page 3730/4093] (91.1%) | Books: 47,569 | Topics: 1491 | Duplicates: 26 | ETA: ~0.4h
2025-10-19 17:02:56,395 - BooksByPageDiscoverer - INFO - [Page 3740/4093] (91.4%) | Books: 47,708 | Topics: 1492 | Duplicates: 26 | ETA: ~0.3h
2025-10-19 17:03:31,825 - BooksByPageDiscoverer - INFO - [Page 3750/4093] (91.6%) | Books: 47,858 | Topics: 1493 | Duplicates: 26 | ETA: ~0.3h
2025-10-19 17:04:07,418 - BooksByPageDiscoverer - INFO - [Page 3760/4093] (91.9%) | Books: 48,008 | Topics: 1493 | Duplicates: 26 | ETA: ~0.3h
2025-10-19 17:04:42,403 - BooksByPageDiscoverer - INFO - [Page 3770/4093] (92.1%) | Books: 48,157 | Topics: 1493 | Duplicates: 26 | ETA: ~0.3h
2025-10-19 17:05:18,196 - BooksByPageDiscoverer - INFO - [Page 3780/4093] (92.4%) | Books: 48,307 | Topics: 1493 | Duplicates: 26 | ETA: ~0.3h
2025-10-19 17:05:53,561 - BooksByPageDiscoverer - INFO - [Page 3790/4093] (92.6%) | Books: 48,456 | Topics: 1494 | Duplicates: 26 | ETA: ~0.3h
2025-10-19 17:06:28,869 - BooksByPageDiscoverer - INFO - [Page 3800/4093] (92.8%) | Books: 48,604 | Topics: 1494 | Duplicates: 26 | ETA: ~0.3h
2025-10-19 17:07:04,303 - BooksByPageDiscoverer - INFO - [Page 3810/4093] (93.1%) | Books: 48,754 | Topics: 1496 | Duplicates: 26 | ETA: ~0.3h
2025-10-19 17:07:39,343 - BooksByPageDiscoverer - INFO - [Page 3820/4093] (93.3%) | Books: 48,904 | Topics: 1496 | Duplicates: 26 | ETA: ~0.3h
2025-10-19 17:08:14,653 - BooksByPageDiscoverer - INFO - [Page 3830/4093] (93.6%) | Books: 49,054 | Topics: 1496 | Duplicates: 26 | ETA: ~0.3h
2025-10-19 17:08:49,930 - BooksByPageDiscoverer - INFO - [Page 3840/4093] (93.8%) | Books: 49,204 | Topics: 1497 | Duplicates: 26 | ETA: ~0.2h
2025-10-19 17:09:25,002 - BooksByPageDiscoverer - INFO - [Page 3850/4093] (94.1%) | Books: 49,354 | Topics: 1498 | Duplicates: 26 | ETA: ~0.2h
2025-10-19 17:10:00,530 - BooksByPageDiscoverer - INFO - [Page 3860/4093] (94.3%) | Books: 49,504 | Topics: 1498 | Duplicates: 26 | ETA: ~0.2h
2025-10-19 17:10:35,276 - BooksByPageDiscoverer - INFO - [Page 3870/4093] (94.6%) | Books: 49,654 | Topics: 1500 | Duplicates: 26 | ETA: ~0.2h
2025-10-19 17:11:11,454 - BooksByPageDiscoverer - INFO - [Page 3880/4093] (94.8%) | Books: 49,804 | Topics: 1500 | Duplicates: 26 | ETA: ~0.2h
2025-10-19 17:11:46,625 - BooksByPageDiscoverer - INFO - [Page 3890/4093] (95.0%) | Books: 49,954 | Topics: 1500 | Duplicates: 26 | ETA: ~0.2h
2025-10-19 17:12:21,735 - BooksByPageDiscoverer - INFO - [Page 3900/4093] (95.3%) | Books: 50,104 | Topics: 1501 | Duplicates: 26 | ETA: ~0.2h
2025-10-19 17:12:59,980 - BooksByPageDiscoverer - INFO - [Page 3910/4093] (95.5%) | Books: 50,254 | Topics: 1501 | Duplicates: 26 | ETA: ~0.2h
2025-10-19 17:13:38,504 - BooksByPageDiscoverer - INFO - [Page 3920/4093] (95.8%) | Books: 50,404 | Topics: 1501 | Duplicates: 26 | ETA: ~0.2h
2025-10-19 17:14:15,819 - BooksByPageDiscoverer - INFO - [Page 3930/4093] (96.0%) | Books: 50,554 | Topics: 1501 | Duplicates: 26 | ETA: ~0.2h
2025-10-19 17:14:54,212 - BooksByPageDiscoverer - INFO - [Page 3940/4093] (96.3%) | Books: 50,704 | Topics: 1501 | Duplicates: 26 | ETA: ~0.1h
2025-10-19 17:15:31,323 - BooksByPageDiscoverer - INFO - [Page 3950/4093] (96.5%) | Books: 50,854 | Topics: 1502 | Duplicates: 26 | ETA: ~0.1h
2025-10-19 17:16:12,058 - BooksByPageDiscoverer - INFO - [Page 3960/4093] (96.8%) | Books: 51,003 | Topics: 1502 | Duplicates: 26 | ETA: ~0.1h
2025-10-19 17:16:48,065 - BooksByPageDiscoverer - INFO - [Page 3970/4093] (97.0%) | Books: 51,153 | Topics: 1503 | Duplicates: 26 | ETA: ~0.1h
2025-10-19 17:17:23,070 - BooksByPageDiscoverer - INFO - [Page 3980/4093] (97.2%) | Books: 51,303 | Topics: 1504 | Duplicates: 26 | ETA: ~0.1h
2025-10-19 17:17:59,165 - BooksByPageDiscoverer - INFO - [Page 3990/4093] (97.5%) | Books: 51,453 | Topics: 1504 | Duplicates: 26 | ETA: ~0.1h
2025-10-19 17:18:34,754 - BooksByPageDiscoverer - INFO - [Page 4000/4093] (97.7%) | Books: 51,603 | Topics: 1504 | Duplicates: 26 | ETA: ~0.1h
2025-10-19 17:19:09,597 - BooksByPageDiscoverer - INFO - [Page 4010/4093] (98.0%) | Books: 51,753 | Topics: 1504 | Duplicates: 26 | ETA: ~0.1h
2025-10-19 17:19:45,555 - BooksByPageDiscoverer - INFO - [Page 4020/4093] (98.2%) | Books: 51,903 | Topics: 1505 | Duplicates: 26 | ETA: ~0.1h
2025-10-19 17:20:19,961 - BooksByPageDiscoverer - INFO - [Page 4030/4093] (98.5%) | Books: 52,053 | Topics: 1506 | Duplicates: 26 | ETA: ~0.1h
2025-10-19 17:20:55,703 - BooksByPageDiscoverer - INFO - [Page 4040/4093] (98.7%) | Books: 52,203 | Topics: 1506 | Duplicates: 26 | ETA: ~0.1h
2025-10-19 17:21:31,246 - BooksByPageDiscoverer - INFO - [Page 4050/4093] (98.9%) | Books: 52,353 | Topics: 1506 | Duplicates: 26 | ETA: ~0.0h
2025-10-19 17:22:06,276 - BooksByPageDiscoverer - INFO - [Page 4060/4093] (99.2%) | Books: 52,503 | Topics: 1507 | Duplicates: 26 | ETA: ~0.0h
2025-10-19 17:22:41,592 - BooksByPageDiscoverer - INFO - [Page 4070/4093] (99.4%) | Books: 52,653 | Topics: 1507 | Duplicates: 26 | ETA: ~0.0h
2025-10-19 17:23:17,332 - BooksByPageDiscoverer - INFO - [Page 4080/4093] (99.7%) | Books: 52,803 | Topics: 1508 | Duplicates: 26 | ETA: ~0.0h
2025-10-19 17:23:54,673 - BooksByPageDiscoverer - INFO - [Page 4090/4093] (99.9%) | Books: 52,953 | Topics: 1508 | Duplicates: 26 | ETA: ~0.0h
2025-10-19 17:48:11,263 - BooksByPageDiscoverer - INFO - Loaded progress: 52988 unique books, 26 duplicates skipped
2025-10-19 17:48:11,264 - BooksByPageDiscoverer - INFO - Starting book discovery from page 1 to 4093
2025-10-19 17:48:11,264 - BooksByPageDiscoverer - INFO - Total pages to process: 4093
2025-10-19 17:48:13,263 - BooksByPageDiscoverer - INFO - [Page 1/4093] (0.0%) | Books: 52,988 | Topics: 1508 | Duplicates: 40 | ETA: ~2.3h
2025-10-19 17:48:21,035 - BooksByPageDiscoverer - INFO - Discovery interrupted by user
2025-10-19 17:48:32,975 - BooksByPageDiscoverer - INFO - Loaded progress: 52988 unique books, 62 duplicates skipped
2025-10-19 17:48:32,977 - BooksByPageDiscoverer - INFO - Resuming from page 4
2025-10-19 17:48:32,977 - BooksByPageDiscoverer - INFO - Starting book discovery from page 4 to 4093
2025-10-19 17:48:32,977 - BooksByPageDiscoverer - INFO - Total pages to process: 4090
2025-10-19 17:48:34,943 - BooksByPageDiscoverer - INFO - [Page 4/4093] (0.0%) | Books: 52,988 | Topics: 1508 | Duplicates: 75 | ETA: ~2.2h
2025-10-19 17:48:37,692 - BooksByPageDiscoverer - INFO - Discovery interrupted by user
